#
# There is insufficient memory for the Java Runtime Environment to continue.
# Native memory allocation (malloc) failed to allocate 1081456 bytes for Chunk::new
# Possible reasons:
#   The system is out of physical RAM or swap space
#   The process is running with CompressedOops enabled, and the Java Heap may be blocking the growth of the native heap
# Possible solutions:
#   Reduce memory load on the system
#   Increase physical memory or swap space
#   Check if swap backing store is full
#   Decrease Java heap size (-Xmx/-Xms)
#   Decrease number of Java threads
#   Decrease Java thread stack sizes (-Xss)
#   Set larger code cache with -XX:ReservedCodeCacheSize=
#   JVM is running with Unscaled Compressed Oops mode in which the Java heap is
#     placed in the first 4GB address space. The Java Heap base address is the
#     maximum limit for the native heap growth. Please use -XX:HeapBaseMinAddress
#     to set the Java Heap base and to place the Java Heap above 4GB virtual address.
# This output file may be truncated or incomplete.
#
#  Out of Memory Error (allocation.cpp:389), pid=29568, tid=0x0000000000004558
#
# JRE version: OpenJDK Runtime Environment (8.0_242-b01) (build 1.8.0_242-release-1644-b01)
# Java VM: OpenJDK 64-Bit Server VM (25.242-b01 mixed mode windows-amd64 compressed oops)
# Failed to write core dump. Minidumps are not enabled by default on client versions of Windows
#

---------------  T H R E A D  ---------------

Current thread (0x0000000017250000):  JavaThread "C2 CompilerThread0" daemon [_thread_in_native, id=17752, stack(0x0000000018290000,0x0000000018390000)]

Stack: [0x0000000018290000,0x0000000018390000]
[error occurred during error reporting (printing stack bounds), id 0xc0000005]

Native frames: (J=compiled Java code, j=interpreted, Vv=VM code, C=native code)


Current CompileTask:
C2:  30729 4003   !   4       java.util.jar.Attributes::read (380 bytes)


---------------  P R O C E S S  ---------------

Java Threads: ( => current thread )
  0x0000000019c02800 JavaThread "Cache worker for Build Output Cleanup Cache (C:\Users\cray\Desktop\lstm\final_mfcc\Perekam_suara\.gradle\buildOutputCleanup)" [_thread_blocked, id=22948, stack(0x0000000026510000,0x0000000026610000)]
  0x0000000019bfe000 JavaThread "jar transforms Thread 92" [_thread_blocked, id=29972, stack(0x0000000026210000,0x0000000026310000)]
  0x0000000019bfc800 JavaThread "jar transforms Thread 91" [_thread_blocked, id=21160, stack(0x0000000026110000,0x0000000026210000)]
  0x0000000019c00000 JavaThread "jar transforms Thread 90" [_thread_blocked, id=47096, stack(0x0000000026010000,0x0000000026110000)]
  0x0000000019bf5000 JavaThread "jar transforms Thread 89" [_thread_blocked, id=50052, stack(0x0000000025f10000,0x0000000026010000)]
  0x0000000019bfb800 JavaThread "jar transforms Thread 88" [_thread_blocked, id=40616, stack(0x0000000025e10000,0x0000000025f10000)]
  0x0000000019bfb000 JavaThread "jar transforms Thread 87" [_thread_blocked, id=25944, stack(0x0000000025d10000,0x0000000025e10000)]
  0x0000000019bf7000 JavaThread "jar transforms Thread 86" [_thread_blocked, id=37532, stack(0x0000000025c10000,0x0000000025d10000)]
  0x0000000019bf9800 JavaThread "jar transforms Thread 85" [_thread_blocked, id=29432, stack(0x0000000025b10000,0x0000000025c10000)]
  0x0000000019bf8800 JavaThread "jar transforms Thread 84" [_thread_blocked, id=40716, stack(0x0000000025a10000,0x0000000025b10000)]
  0x0000000019bf6800 JavaThread "jar transforms Thread 83" [_thread_blocked, id=6244, stack(0x0000000025910000,0x0000000025a10000)]
  0x0000000019bfa000 JavaThread "jar transforms Thread 82" [_thread_blocked, id=34680, stack(0x0000000025810000,0x0000000025910000)]
  0x0000000019bf5800 JavaThread "jar transforms Thread 81" [_thread_blocked, id=43348, stack(0x0000000025710000,0x0000000025810000)]
  0x0000000019bf8000 JavaThread "jar transforms Thread 80" [_thread_blocked, id=30140, stack(0x0000000025610000,0x0000000025710000)]
  0x0000000019c77000 JavaThread "jar transforms Thread 79" [_thread_blocked, id=26800, stack(0x0000000025510000,0x0000000025610000)]
  0x0000000019c7c000 JavaThread "jar transforms Thread 78" [_thread_blocked, id=44348, stack(0x0000000025410000,0x0000000025510000)]
  0x0000000019c7a800 JavaThread "jar transforms Thread 77" [_thread_blocked, id=37148, stack(0x0000000025310000,0x0000000025410000)]
  0x0000000019c77800 JavaThread "jar transforms Thread 76" [_thread_blocked, id=7656, stack(0x0000000025210000,0x0000000025310000)]
  0x0000000019c78800 JavaThread "jar transforms Thread 75" [_thread_blocked, id=47456, stack(0x0000000025110000,0x0000000025210000)]
  0x0000000019c75800 JavaThread "jar transforms Thread 74" [_thread_blocked, id=35008, stack(0x0000000025010000,0x0000000025110000)]
  0x0000000019c76000 JavaThread "jar transforms Thread 73" [_thread_blocked, id=42100, stack(0x0000000024f10000,0x0000000025010000)]
  0x0000000019c7b800 JavaThread "jar transforms Thread 72" [_thread_blocked, id=50652, stack(0x0000000024e10000,0x0000000024f10000)]
  0x0000000019c7a000 JavaThread "jar transforms Thread 71" [_thread_blocked, id=50468, stack(0x0000000024d10000,0x0000000024e10000)]
  0x0000000019c79000 JavaThread "jar transforms Thread 70" [_thread_blocked, id=45752, stack(0x0000000024c10000,0x0000000024d10000)]
  0x0000000019c6d800 JavaThread "jar transforms Thread 69" [_thread_blocked, id=13724, stack(0x0000000024b10000,0x0000000024c10000)]
  0x0000000019c71800 JavaThread "jar transforms Thread 68" [_thread_blocked, id=32904, stack(0x0000000024a10000,0x0000000024b10000)]
  0x0000000019c74000 JavaThread "jar transforms Thread 67" [_thread_blocked, id=40424, stack(0x0000000024910000,0x0000000024a10000)]
  0x0000000019c6f000 JavaThread "jar transforms Thread 66" [_thread_blocked, id=33220, stack(0x0000000024810000,0x0000000024910000)]
  0x0000000019c70800 JavaThread "jar transforms Thread 65" [_thread_blocked, id=26016, stack(0x0000000024710000,0x0000000024810000)]
  0x0000000019c72000 JavaThread "jar transforms Thread 64" [_thread_blocked, id=52056, stack(0x0000000024610000,0x0000000024710000)]
  0x0000000019c70000 JavaThread "jar transforms Thread 63" [_thread_blocked, id=28300, stack(0x0000000024510000,0x0000000024610000)]
  0x0000000019c74800 JavaThread "jar transforms Thread 62" [_thread_blocked, id=23324, stack(0x0000000024410000,0x0000000024510000)]
  0x0000000019c6e800 JavaThread "jar transforms Thread 61" [_thread_blocked, id=42280, stack(0x0000000024310000,0x0000000024410000)]
  0x0000000019c6d000 JavaThread "jar transforms Thread 60" [_thread_blocked, id=48184, stack(0x0000000024210000,0x0000000024310000)]
  0x0000000019c73000 JavaThread "jar transforms Thread 59" [_thread_blocked, id=12472, stack(0x0000000024110000,0x0000000024210000)]
  0x0000000019bb8000 JavaThread "jar transforms Thread 58" [_thread_blocked, id=24468, stack(0x0000000024010000,0x0000000024110000)]
  0x0000000019bb6800 JavaThread "jar transforms Thread 57" [_thread_blocked, id=50628, stack(0x0000000023f10000,0x0000000024010000)]
  0x0000000019bb6000 JavaThread "jar transforms Thread 56" [_thread_blocked, id=44440, stack(0x0000000023e10000,0x0000000023f10000)]
  0x0000000019bb5000 JavaThread "jar transforms Thread 55" [_thread_blocked, id=29360, stack(0x0000000023d10000,0x0000000023e10000)]
  0x0000000019bb7800 JavaThread "jar transforms Thread 54" [_thread_blocked, id=34428, stack(0x0000000023c10000,0x0000000023d10000)]
  0x0000000019bad800 JavaThread "jar transforms Thread 53" [_thread_blocked, id=39356, stack(0x0000000023b10000,0x0000000023c10000)]
  0x0000000019bb4800 JavaThread "jar transforms Thread 52" [_thread_blocked, id=24804, stack(0x0000000023a10000,0x0000000023b10000)]
  0x0000000019bad000 JavaThread "jar transforms Thread 51" [_thread_blocked, id=19680, stack(0x0000000023910000,0x0000000023a10000)]
  0x0000000019bb3800 JavaThread "jar transforms Thread 50" [_thread_blocked, id=29424, stack(0x0000000023810000,0x0000000023910000)]
  0x0000000019bb3000 JavaThread "jar transforms Thread 49" [_thread_blocked, id=46912, stack(0x0000000023710000,0x0000000023810000)]
  0x0000000019bb2000 JavaThread "jar transforms Thread 48" [_thread_blocked, id=4888, stack(0x0000000023610000,0x0000000023710000)]
  0x0000000019bb1800 JavaThread "jar transforms Thread 47" [_thread_blocked, id=21672, stack(0x0000000023510000,0x0000000023610000)]
  0x0000000019baa000 JavaThread "jar transforms Thread 46" [_thread_blocked, id=42620, stack(0x0000000023410000,0x0000000023510000)]
  0x0000000019bb0800 JavaThread "jar transforms Thread 45" [_thread_blocked, id=35792, stack(0x0000000023310000,0x0000000023410000)]
  0x0000000019ba9000 JavaThread "jar transforms Thread 44" [_thread_blocked, id=16584, stack(0x0000000023210000,0x0000000023310000)]
  0x0000000019bae800 JavaThread "jar transforms Thread 43" [_thread_blocked, id=25644, stack(0x0000000023110000,0x0000000023210000)]
  0x0000000019bb0000 JavaThread "jar transforms Thread 42" [_thread_blocked, id=47816, stack(0x0000000023010000,0x0000000023110000)]
  0x0000000019bac000 JavaThread "jar transforms Thread 41" [_thread_blocked, id=30144, stack(0x0000000022f10000,0x0000000023010000)]
  0x0000000019baa800 JavaThread "jar transforms Thread 40" [_thread_blocked, id=48844, stack(0x0000000022e10000,0x0000000022f10000)]
  0x0000000019baf000 JavaThread "jar transforms Thread 39" [_thread_blocked, id=24408, stack(0x0000000022d10000,0x0000000022e10000)]
  0x0000000019bab800 JavaThread "jar transforms Thread 38" [_thread_blocked, id=24236, stack(0x0000000022c10000,0x0000000022d10000)]
  0x00000000194e5800 JavaThread "jar transforms Thread 37" [_thread_blocked, id=45852, stack(0x0000000022b10000,0x0000000022c10000)]
  0x00000000194e4000 JavaThread "jar transforms Thread 36" [_thread_blocked, id=22884, stack(0x0000000022a10000,0x0000000022b10000)]
  0x00000000194e2800 JavaThread "jar transforms Thread 35" [_thread_blocked, id=2344, stack(0x0000000022910000,0x0000000022a10000)]
  0x00000000194de000 JavaThread "jar transforms Thread 34" [_thread_blocked, id=38816, stack(0x0000000022810000,0x0000000022910000)]
  0x00000000194e1800 JavaThread "jar transforms Thread 33" [_thread_blocked, id=32960, stack(0x0000000022710000,0x0000000022810000)]
  0x00000000194de800 JavaThread "jar transforms Thread 32" [_thread_blocked, id=28052, stack(0x0000000022610000,0x0000000022710000)]
  0x00000000194df800 JavaThread "jar transforms Thread 31" [_thread_blocked, id=44560, stack(0x0000000022510000,0x0000000022610000)]
  0x00000000194e4800 JavaThread "jar transforms Thread 30" [_thread_blocked, id=13660, stack(0x0000000022410000,0x0000000022510000)]
  0x00000000194e3000 JavaThread "jar transforms Thread 29" [_thread_blocked, id=27828, stack(0x0000000022310000,0x0000000022410000)]
  0x00000000194e1000 JavaThread "jar transforms Thread 28" [_thread_blocked, id=29768, stack(0x0000000022210000,0x0000000022310000)]
  0x00000000194e0000 JavaThread "jar transforms Thread 27" [_thread_blocked, id=20392, stack(0x0000000022110000,0x0000000022210000)]
  0x00000000194dc800 JavaThread "jar transforms Thread 26" [_thread_blocked, id=41296, stack(0x0000000022010000,0x0000000022110000)]
  0x00000000194d6800 JavaThread "jar transforms Thread 25" [_thread_blocked, id=41708, stack(0x0000000021f10000,0x0000000022010000)]
  0x00000000194dd000 JavaThread "jar transforms Thread 24" [_thread_blocked, id=17540, stack(0x0000000021e10000,0x0000000021f10000)]
  0x00000000194db800 JavaThread "jar transforms Thread 23" [_thread_blocked, id=35892, stack(0x0000000021d10000,0x0000000021e10000)]
  0x00000000194d9800 JavaThread "jar transforms Thread 22" [_thread_blocked, id=37344, stack(0x0000000021c10000,0x0000000021d10000)]
  0x00000000194d8800 JavaThread "jar transforms Thread 21" [_thread_blocked, id=47504, stack(0x0000000021b10000,0x0000000021c10000)]
  0x00000000194d7000 JavaThread "jar transforms Thread 20" [_thread_blocked, id=49184, stack(0x0000000021a10000,0x0000000021b10000)]
  0x00000000194da000 JavaThread "jar transforms Thread 19" [_thread_blocked, id=36048, stack(0x0000000021910000,0x0000000021a10000)]
  0x00000000194d8000 JavaThread "jar transforms Thread 18" [_thread_blocked, id=49436, stack(0x0000000021810000,0x0000000021910000)]
  0x00000000194db000 JavaThread "jar transforms Thread 17" [_thread_blocked, id=49440, stack(0x0000000021710000,0x0000000021810000)]
  0x000000001d4fd800 JavaThread "jar transforms Thread 16" [_thread_blocked, id=11044, stack(0x0000000021610000,0x0000000021710000)]
  0x000000001d4f6000 JavaThread "jar transforms Thread 15" [_thread_blocked, id=34232, stack(0x0000000021510000,0x0000000021610000)]
  0x000000001d4fc800 JavaThread "jar transforms Thread 14" [_thread_blocked, id=21960, stack(0x0000000021410000,0x0000000021510000)]
  0x000000001d4fb000 JavaThread "jar transforms Thread 13" [_thread_blocked, id=28568, stack(0x0000000021310000,0x0000000021410000)]
  0x000000001d4f9000 JavaThread "jar transforms Thread 12" [_thread_blocked, id=43592, stack(0x0000000021210000,0x0000000021310000)]
  0x000000001d4f8000 JavaThread "jar transforms Thread 11" [_thread_blocked, id=7092, stack(0x0000000021110000,0x0000000021210000)]
  0x000000001d4fa800 JavaThread "jar transforms Thread 10" [_thread_blocked, id=44744, stack(0x0000000021010000,0x0000000021110000)]
  0x000000001d4f7800 JavaThread "jar transforms Thread 9" [_thread_blocked, id=18536, stack(0x0000000020f10000,0x0000000021010000)]
  0x000000001d4f6800 JavaThread "jar transforms Thread 8" [_thread_blocked, id=24912, stack(0x0000000020e10000,0x0000000020f10000)]
  0x000000001d4fc000 JavaThread "jar transforms Thread 7" [_thread_blocked, id=14936, stack(0x0000000020d10000,0x0000000020e10000)]
  0x000000001d4f9800 JavaThread "jar transforms Thread 6" [_thread_blocked, id=29492, stack(0x0000000020c10000,0x0000000020d10000)]
  0x000000001d4ee800 JavaThread "jar transforms Thread 5" [_thread_blocked, id=47052, stack(0x0000000020b10000,0x0000000020c10000)]
  0x000000001d4f0800 JavaThread "jar transforms Thread 4" [_thread_blocked, id=34212, stack(0x0000000020a10000,0x0000000020b10000)]
  0x000000001d4f5000 JavaThread "jar transforms Thread 3" [_thread_blocked, id=41328, stack(0x0000000020910000,0x0000000020a10000)]
  0x000000001d4f4800 JavaThread "jar transforms Thread 2" [_thread_blocked, id=37824, stack(0x0000000020810000,0x0000000020910000)]
  0x000000001d4f3800 JavaThread "Build operations Thread 2" [_thread_blocked, id=22684, stack(0x0000000020450000,0x0000000020550000)]
  0x000000001d4f3000 JavaThread "Build operations" [_thread_blocked, id=808, stack(0x0000000020350000,0x0000000020450000)]
  0x000000001d4f2000 JavaThread "Cache worker for file content cache (C:\Users\cray\.gradle\caches\6.5\fileContent)" [_thread_blocked, id=29620, stack(0x000000001fe50000,0x000000001ff50000)]
  0x000000001991c000 JavaThread "jar transforms" [_thread_blocked, id=30208, stack(0x000000001fd50000,0x000000001fe50000)]
  0x0000000019920800 JavaThread "Cache worker for execution history cache (C:\Users\cray\.gradle\caches\6.5\executionHistory)" [_thread_blocked, id=30752, stack(0x000000001e680000,0x000000001e780000)]
  0x000000001991b800 JavaThread "Cache worker for cache directory md-rule (C:\Users\cray\.gradle\caches\6.5\md-rule)" [_thread_blocked, id=27928, stack(0x000000001e580000,0x000000001e680000)]
  0x0000000019920000 JavaThread "Cache worker for cache directory md-supplier (C:\Users\cray\.gradle\caches\6.5\md-supplier)" [_thread_blocked, id=29124, stack(0x000000001e480000,0x000000001e580000)]
  0x000000001991f000 JavaThread "Cache worker for checksums cache (C:\Users\cray\Desktop\lstm\final_mfcc\Perekam_suara\.gradle\checksums)" [_thread_blocked, id=34772, stack(0x000000001e380000,0x000000001e480000)]
  0x000000001991d800 JavaThread "Cache worker for file hash cache (C:\Users\cray\Desktop\lstm\final_mfcc\Perekam_suara\.gradle\6.5\fileHashes)" [_thread_blocked, id=32760, stack(0x000000001df80000,0x000000001e080000)]
  0x0000000019921800 JavaThread "Cache worker for file hash cache (C:\Users\cray\.gradle\caches\6.5\fileHashes)" [_thread_blocked, id=52176, stack(0x000000001bae0000,0x000000001bbe0000)]
  0x0000000019922000 JavaThread "File lock request listener" [_thread_in_native, id=13420, stack(0x000000001b9e0000,0x000000001bae0000)]
  0x000000001991e800 JavaThread "Cache worker for journal cache (C:\Users\cray\.gradle\caches\journal-1)" [_thread_blocked, id=38456, stack(0x000000001b8e0000,0x000000001b9e0000)]
  0x000000001985e000 JavaThread "Thread-9" [_thread_blocked, id=50272, stack(0x000000001b5e0000,0x000000001b6e0000)]
  0x000000001985d800 JavaThread "Stdin handler" [_thread_blocked, id=51592, stack(0x000000001b4e0000,0x000000001b5e0000)]
  0x000000001986a800 JavaThread "Asynchronous log dispatcher for DefaultDaemonConnection: socket connection from /127.0.0.1:63548 to /127.0.0.1:63549" [_thread_blocked, id=46088, stack(0x000000001b3e0000,0x000000001b4e0000)]
  0x0000000019855800 JavaThread "Daemon worker" [_thread_in_vm, id=25936, stack(0x000000001b2e0000,0x000000001b3e0000)]
  0x0000000019855000 JavaThread "Cancel handler" [_thread_blocked, id=44996, stack(0x000000001b1e0000,0x000000001b2e0000)]
  0x0000000018979800 JavaThread "Handler for socket connection from /127.0.0.1:63548 to /127.0.0.1:63549" [_thread_in_native, id=27140, stack(0x000000001b0e0000,0x000000001b1e0000)]
  0x0000000018977000 JavaThread "Daemon periodic checks" [_thread_blocked, id=19980, stack(0x000000001afe0000,0x000000001b0e0000)]
  0x000000001937b800 JavaThread "Daemon" [_thread_blocked, id=49168, stack(0x000000001aee0000,0x000000001afe0000)]
  0x0000000018756800 JavaThread "Incoming local TCP Connector on port 63548" [_thread_in_native, id=24960, stack(0x000000001aaa0000,0x000000001aba0000)]
  0x000000001a1ca800 JavaThread "Daemon health stats" [_thread_blocked, id=48696, stack(0x000000001a460000,0x000000001a560000)]
  0x00000000172b6000 JavaThread "Service Thread" daemon [_thread_blocked, id=22764, stack(0x0000000018490000,0x0000000018590000)]
  0x0000000017258000 JavaThread "C1 CompilerThread1" daemon [_thread_blocked, id=20032, stack(0x0000000018390000,0x0000000018490000)]
=>0x0000000017250000 JavaThread "C2 CompilerThread0" daemon [_thread_in_native, id=17752, stack(0x0000000018290000,0x0000000018390000)]
  0x000000001724f000 JavaThread "Attach Listener" daemon [_thread_blocked, id=33512, stack(0x0000000018190000,0x0000000018290000)]
  0x0000000017251800 JavaThread "Signal Dispatcher" daemon [_thread_blocked, id=29184, stack(0x0000000018090000,0x0000000018190000)]
  0x0000000002867000 JavaThread "Finalizer" daemon [_thread_blocked, id=50968, stack(0x0000000017e90000,0x0000000017f90000)]
  0x0000000017237000 JavaThread "Reference Handler" daemon [_thread_blocked, id=51840, stack(0x0000000017d90000,0x0000000017e90000)]
  0x0000000002772800 JavaThread "main" [_thread_blocked, id=39720, stack(0x0000000002580000,0x0000000002680000)]

Other Threads:
  0x0000000017216000 VMThread [stack: 0x0000000017c90000,0x0000000017d90000] [id=40340]
  0x00000000172b9000 WatcherThread [stack: 0x0000000018590000,0x0000000018690000] [id=29076]

VM state:not at safepoint (normal execution)

VM Mutex/Monitor currently owned by a thread: None

heap address: 0x0000000080000000, size: 2048 MB, Compressed Oops mode: 32-bit
Narrow klass base: 0x0000000000000000, Narrow klass shift: 3
Compressed class space size: 1073741824 Address: 0x0000000100000000

Heap:
 PSYoungGen      total 202240K, used 16017K [0x00000000d5580000, 0x00000000e6d80000, 0x0000000100000000)
  eden space 189440K, 1% used [0x00000000d5580000,0x00000000d58a5f08,0x00000000e0e80000)
  from space 12800K, 99% used [0x00000000e0e80000,0x00000000e1afe730,0x00000000e1b00000)
  to   space 15872K, 0% used [0x00000000e5e00000,0x00000000e5e00000,0x00000000e6d80000)
 ParOldGen       total 47104K, used 16856K [0x0000000080000000, 0x0000000082e00000, 0x00000000d5580000)
  object space 47104K, 35% used [0x0000000080000000,0x00000000810761e8,0x0000000082e00000)
 Metaspace       used 45386K, capacity 47100K, committed 47272K, reserved 1089536K
  class space    used 6122K, capacity 6470K, committed 6576K, reserved 1048576K

Card table byte_map: [0x0000000011c30000,0x0000000012040000] byte_map_base: 0x0000000011830000

Marking Bits: (ParMarkBitMap*) 0x00000000760ff030
 Begin Bits: [0x00000000124f0000, 0x00000000144f0000)
 End Bits:   [0x00000000144f0000, 0x00000000164f0000)

Polling page: 0x00000000009f0000

CodeCache: size=245760Kb used=12860Kb max_used=12883Kb free=232899Kb
 bounds [0x0000000002870000, 0x0000000003510000, 0x0000000011870000]
 total_blobs=4434 nmethods=3693 adapters=654
 compilation: enabled

Compilation events (10 events):
Event: 30.707 Thread 0x0000000017258000 nmethod 4029 0x0000000002dc7b10 code [0x0000000002dc7c80, 0x0000000002dc7f90]
Event: 30.716 Thread 0x0000000017258000 4031       2       java.math.BigInteger::intArrayCmpToLen (55 bytes)
Event: 30.716 Thread 0x0000000017258000 nmethod 4031 0x0000000002dc7550 code [0x0000000002dc76c0, 0x0000000002dc7910]
Event: 30.717 Thread 0x0000000017258000 4033       2       java.math.BigInteger::implMontgomeryMultiplyChecks (123 bytes)
Event: 30.718 Thread 0x0000000017258000 nmethod 4033 0x0000000002c7d810 code [0x0000000002c7da40, 0x0000000002c7e378]
Event: 30.719 Thread 0x0000000017258000 4034       2       java.math.BigInteger::materialize (16 bytes)
Event: 30.720 Thread 0x0000000017258000 nmethod 4034 0x0000000002e77490 code [0x0000000002e775e0, 0x0000000002e777b0]
Event: 30.723 Thread 0x0000000017258000 4035 %     3       java.math.BigInteger::multiplyToLen @ 135 (216 bytes)
Event: 30.724 Thread 0x0000000017258000 nmethod 4035% 0x0000000002e738d0 code [0x0000000002e73a80, 0x0000000002e74130]
Event: 30.724 Thread 0x0000000017258000 4036       3       java.math.BigInteger::multiplyToLen (216 bytes)

GC Heap History (10 events):
Event: 11.456 GC heap before
{Heap before GC invocations=9 (full 1):
 PSYoungGen      total 137728K, used 3828K [0x00000000d5580000, 0x00000000de580000, 0x0000000100000000)
  eden space 129024K, 0% used [0x00000000d5580000,0x00000000d5580000,0x00000000dd380000)
  from space 8704K, 43% used [0x00000000ddd00000,0x00000000de0bd040,0x00000000de580000)
  to   space 9216K, 0% used [0x00000000dd380000,0x00000000dd380000,0x00000000ddc80000)
 ParOldGen       total 44032K, used 8496K [0x0000000080000000, 0x0000000082b00000, 0x00000000d5580000)
  object space 44032K, 19% used [0x0000000080000000,0x000000008084c230,0x0000000082b00000)
 Metaspace       used 20617K, capacity 21224K, committed 21296K, reserved 1067008K
  class space    used 2872K, capacity 3076K, committed 3120K, reserved 1048576K
Event: 11.544 GC heap after
Heap after GC invocations=9 (full 1):
 PSYoungGen      total 137728K, used 0K [0x00000000d5580000, 0x00000000de580000, 0x0000000100000000)
  eden space 129024K, 0% used [0x00000000d5580000,0x00000000d5580000,0x00000000dd380000)
  from space 8704K, 0% used [0x00000000ddd00000,0x00000000ddd00000,0x00000000de580000)
  to   space 9216K, 0% used [0x00000000dd380000,0x00000000dd380000,0x00000000ddc80000)
 ParOldGen       total 32768K, used 8811K [0x0000000080000000, 0x0000000082000000, 0x00000000d5580000)
  object space 32768K, 26% used [0x0000000080000000,0x000000008089ad08,0x0000000082000000)
 Metaspace       used 20617K, capacity 21224K, committed 21296K, reserved 1067008K
  class space    used 2872K, capacity 3076K, committed 3120K, reserved 1048576K
}
Event: 19.168 GC heap before
{Heap before GC invocations=10 (full 1):
 PSYoungGen      total 137728K, used 129024K [0x00000000d5580000, 0x00000000de580000, 0x0000000100000000)
  eden space 129024K, 100% used [0x00000000d5580000,0x00000000dd380000,0x00000000dd380000)
  from space 8704K, 0% used [0x00000000ddd00000,0x00000000ddd00000,0x00000000de580000)
  to   space 9216K, 0% used [0x00000000dd380000,0x00000000dd380000,0x00000000ddc80000)
 ParOldGen       total 32768K, used 8811K [0x0000000080000000, 0x0000000082000000, 0x00000000d5580000)
  object space 32768K, 26% used [0x0000000080000000,0x000000008089ad08,0x0000000082000000)
 Metaspace       used 32708K, capacity 33674K, committed 33968K, reserved 1079296K
  class space    used 4442K, capacity 4687K, committed 4784K, reserved 1048576K
Event: 19.297 GC heap after
Heap after GC invocations=10 (full 1):
 PSYoungGen      total 138240K, used 9195K [0x00000000d5580000, 0x00000000e2780000, 0x0000000100000000)
  eden space 129024K, 0% used [0x00000000d5580000,0x00000000d5580000,0x00000000dd380000)
  from space 9216K, 99% used [0x00000000dd380000,0x00000000ddc7acc8,0x00000000ddc80000)
  to   space 12800K, 0% used [0x00000000e1b00000,0x00000000e1b00000,0x00000000e2780000)
 ParOldGen       total 32768K, used 13476K [0x0000000080000000, 0x0000000082000000, 0x00000000d5580000)
  object space 32768K, 41% used [0x0000000080000000,0x0000000080d290d0,0x0000000082000000)
 Metaspace       used 32708K, capacity 33674K, committed 33968K, reserved 1079296K
  class space    used 4442K, capacity 4687K, committed 4784K, reserved 1048576K
}
Event: 22.983 GC heap before
{Heap before GC invocations=11 (full 1):
 PSYoungGen      total 138240K, used 42825K [0x00000000d5580000, 0x00000000e2780000, 0x0000000100000000)
  eden space 129024K, 26% used [0x00000000d5580000,0x00000000d76578f8,0x00000000dd380000)
  from space 9216K, 99% used [0x00000000dd380000,0x00000000ddc7acc8,0x00000000ddc80000)
  to   space 12800K, 0% used [0x00000000e1b00000,0x00000000e1b00000,0x00000000e2780000)
 ParOldGen       total 32768K, used 13476K [0x0000000080000000, 0x0000000082000000, 0x00000000d5580000)
  object space 32768K, 41% used [0x0000000080000000,0x0000000080d290d0,0x0000000082000000)
 Metaspace       used 34285K, capacity 35412K, committed 35496K, reserved 1079296K
  class space    used 4707K, capacity 5001K, committed 5040K, reserved 1048576K
Event: 23.137 GC heap after
Heap after GC invocations=11 (full 1):
 PSYoungGen      total 202240K, used 8156K [0x00000000d5580000, 0x00000000e2900000, 0x0000000100000000)
  eden space 189440K, 0% used [0x00000000d5580000,0x00000000d5580000,0x00000000e0e80000)
  from space 12800K, 63% used [0x00000000e1b00000,0x00000000e22f7210,0x00000000e2780000)
  to   space 12800K, 0% used [0x00000000e0e80000,0x00000000e0e80000,0x00000000e1b00000)
 ParOldGen       total 32768K, used 13476K [0x0000000080000000, 0x0000000082000000, 0x00000000d5580000)
  object space 32768K, 41% used [0x0000000080000000,0x0000000080d290d0,0x0000000082000000)
 Metaspace       used 34285K, capacity 35412K, committed 35496K, reserved 1079296K
  class space    used 4707K, capacity 5001K, committed 5040K, reserved 1048576K
}
Event: 23.137 GC heap before
{Heap before GC invocations=12 (full 2):
 PSYoungGen      total 202240K, used 8156K [0x00000000d5580000, 0x00000000e2900000, 0x0000000100000000)
  eden space 189440K, 0% used [0x00000000d5580000,0x00000000d5580000,0x00000000e0e80000)
  from space 12800K, 63% used [0x00000000e1b00000,0x00000000e22f7210,0x00000000e2780000)
  to   space 12800K, 0% used [0x00000000e0e80000,0x00000000e0e80000,0x00000000e1b00000)
 ParOldGen       total 32768K, used 13476K [0x0000000080000000, 0x0000000082000000, 0x00000000d5580000)
  object space 32768K, 41% used [0x0000000080000000,0x0000000080d290d0,0x0000000082000000)
 Metaspace       used 34285K, capacity 35412K, committed 35496K, reserved 1079296K
  class space    used 4707K, capacity 5001K, committed 5040K, reserved 1048576K
Event: 23.458 GC heap after
Heap after GC invocations=12 (full 2):
 PSYoungGen      total 202240K, used 0K [0x00000000d5580000, 0x00000000e2900000, 0x0000000100000000)
  eden space 189440K, 0% used [0x00000000d5580000,0x00000000d5580000,0x00000000e0e80000)
  from space 12800K, 0% used [0x00000000e1b00000,0x00000000e1b00000,0x00000000e2780000)
  to   space 12800K, 0% used [0x00000000e0e80000,0x00000000e0e80000,0x00000000e1b00000)
 ParOldGen       total 47104K, used 14547K [0x0000000080000000, 0x0000000082e00000, 0x00000000d5580000)
  object space 47104K, 30% used [0x0000000080000000,0x0000000080e34e18,0x0000000082e00000)
 Metaspace       used 34285K, capacity 35412K, committed 35496K, reserved 1079296K
  class space    used 4707K, capacity 5001K, committed 5040K, reserved 1048576K
}
Event: 30.541 GC heap before
{Heap before GC invocations=13 (full 2):
 PSYoungGen      total 202240K, used 189440K [0x00000000d5580000, 0x00000000e2900000, 0x0000000100000000)
  eden space 189440K, 100% used [0x00000000d5580000,0x00000000e0e80000,0x00000000e0e80000)
  from space 12800K, 0% used [0x00000000e1b00000,0x00000000e1b00000,0x00000000e2780000)
  to   space 12800K, 0% used [0x00000000e0e80000,0x00000000e0e80000,0x00000000e1b00000)
 ParOldGen       total 47104K, used 14547K [0x0000000080000000, 0x0000000082e00000, 0x00000000d5580000)
  object space 47104K, 30% used [0x0000000080000000,0x0000000080e34e18,0x0000000082e00000)
 Metaspace       used 45154K, capacity 46876K, committed 47144K, reserved 1089536K
  class space    used 6094K, capacity 6438K, committed 6448K, reserved 1048576K
Event: 30.581 GC heap after
Heap after GC invocations=13 (full 2):
 PSYoungGen      total 202240K, used 12793K [0x00000000d5580000, 0x00000000e6d80000, 0x0000000100000000)
  eden space 189440K, 0% used [0x00000000d5580000,0x00000000d5580000,0x00000000e0e80000)
  from space 12800K, 99% used [0x00000000e0e80000,0x00000000e1afe730,0x00000000e1b00000)
  to   space 15872K, 0% used [0x00000000e5e00000,0x00000000e5e00000,0x00000000e6d80000)
 ParOldGen       total 47104K, used 16856K [0x0000000080000000, 0x0000000082e00000, 0x00000000d5580000)
  object space 47104K, 35% used [0x0000000080000000,0x00000000810761e8,0x0000000082e00000)
 Metaspace       used 45154K, capacity 46876K, committed 47144K, reserved 1089536K
  class space    used 6094K, capacity 6438K, committed 6448K, reserved 1048576K
}

Deoptimization events (10 events):
Event: 26.561 Thread 0x0000000019855800 Uncommon trap: reason=bimorphic action=maybe_recompile pc=0x0000000002f10624 method=java.lang.ClassLoader.getPackage(Ljava/lang/String;)Ljava/lang/Package; @ 47
Event: 26.561 Thread 0x0000000019855800 Uncommon trap: reason=bimorphic action=maybe_recompile pc=0x0000000002f10624 method=java.lang.ClassLoader.getPackage(Ljava/lang/String;)Ljava/lang/Package; @ 47
Event: 26.561 Thread 0x0000000019855800 Uncommon trap: reason=bimorphic action=maybe_recompile pc=0x0000000002f10624 method=java.lang.ClassLoader.getPackage(Ljava/lang/String;)Ljava/lang/Package; @ 47
Event: 27.436 Thread 0x0000000019855800 Uncommon trap: reason=unstable_if action=reinterpret pc=0x0000000002f932f4 method=java.io.BufferedInputStream.read([BII)I @ 56
Event: 29.004 Thread 0x0000000019855800 Uncommon trap: reason=unstable_if action=reinterpret pc=0x0000000003132c9c method=org.objectweb.asm.ByteVector.putUTF8(Ljava/lang/String;)Lorg/objectweb/asm/ByteVector; @ 93
Event: 29.020 Thread 0x0000000019855800 Uncommon trap: reason=unstable_if action=reinterpret pc=0x0000000002eaea68 method=org.objectweb.asm.ByteVector.putUTF8(Ljava/lang/String;)Lorg/objectweb/asm/ByteVector; @ 93
Event: 30.379 Thread 0x0000000019855800 Uncommon trap: reason=unstable_if action=reinterpret pc=0x000000000348d130 method=java.util.jar.JarFile.maybeInstantiateVerifier()V @ 75
Event: 30.380 Thread 0x0000000019855800 Uncommon trap: reason=unstable_if action=reinterpret pc=0x0000000002b89d08 method=java.util.jar.Manifest$FastInputStream.readLine([BII)I @ 87
Event: 30.398 Thread 0x0000000019855800 Uncommon trap: reason=unstable_if action=reinterpret pc=0x0000000003472300 method=java.lang.ThreadLocal.get()Ljava/lang/Object; @ 11
Event: 30.615 Thread 0x0000000019855800 Uncommon trap: reason=unstable_if action=reinterpret pc=0x0000000002abd4fc method=java.lang.CharacterDataLatin1.isWhitespace(I)Z @ 14

Classes redefined (0 events):
No events

Internal exceptions (10 events):
Event: 26.448 Thread 0x000000001985e000 Exception <a 'java/lang/NoSuchMethodError': <clinit>> (0x00000000d55f5fc8) thrown at [C:\src\AOSP-openjdk-git\hotspot\src\share\vm\prims\jni.cpp, line 1615]
Event: 26.449 Thread 0x000000001985e000 Exception <a 'java/lang/NoSuchMethodError': <clinit>> (0x00000000d5601038) thrown at [C:\src\AOSP-openjdk-git\hotspot\src\share\vm\prims\jni.cpp, line 1615]
Event: 26.452 Thread 0x000000001985e000 Exception <a 'java/lang/NoSuchMethodError': <clinit>> (0x00000000d5614408) thrown at [C:\src\AOSP-openjdk-git\hotspot\src\share\vm\prims\jni.cpp, line 1615]
Event: 26.485 Thread 0x0000000019855800 Exception <a 'java/lang/ClassNotFoundException': build_k2ep1c03y4u1k64qhls4crnnBeanInfo> (0x00000000dcb9b0b0) thrown at [C:\src\AOSP-openjdk-git\hotspot\src\share\vm\classfile\systemDictionary.cpp, line 210]
Event: 26.486 Thread 0x0000000019855800 Exception <a 'java/lang/ClassNotFoundException': build_k2ep1c03y4u1k64qhls4crnnCustomizer> (0x00000000dcba6cd0) thrown at [C:\src\AOSP-openjdk-git\hotspot\src\share\vm\classfile\systemDictionary.cpp, line 210]
Event: 26.520 Thread 0x0000000019855800 Exception <a 'java/lang/ClassNotFoundException': org/gradle/plugin/use/internal/PluginRequestCollector$PluginDependenciesSpecImplBeanInfo> (0x00000000dcc46640) thrown at [C:\src\AOSP-openjdk-git\hotspot\src\share\vm\classfile\systemDictionary.cpp, line 21
Event: 26.521 Thread 0x0000000019855800 Exception <a 'java/lang/ClassNotFoundException': org/gradle/plugin/use/internal/PluginRequestCollector$PluginDependenciesSpecImplCustomizer> (0x00000000dcc86580) thrown at [C:\src\AOSP-openjdk-git\hotspot\src\share\vm\classfile\systemDictionary.cpp, line 
Event: 26.646 Thread 0x0000000019855800 Exception <a 'java/lang/ClassNotFoundException': org/gradle/api/internal/plugins/DefaultObjectConfigurationActionBeanInfo> (0x00000000dcf3d7d8) thrown at [C:\src\AOSP-openjdk-git\hotspot\src\share\vm\classfile\systemDictionary.cpp, line 210]
Event: 26.653 Thread 0x0000000019855800 Exception <a 'java/lang/ClassNotFoundException': org/gradle/api/internal/plugins/DefaultObjectConfigurationActionCustomizer> (0x00000000dcf81b38) thrown at [C:\src\AOSP-openjdk-git\hotspot\src\share\vm\classfile\systemDictionary.cpp, line 210]
Event: 30.398 Thread 0x0000000019855800 Implicit null exception at 0x0000000003471da8 to 0x00000000034722e9

Events (10 events):
Event: 30.665 loading class java/security/spec/AlgorithmParameterSpec done
Event: 30.665 loading class java/security/spec/DSAParameterSpec done
Event: 30.665 loading class java/security/interfaces/DSAPrivateKey
Event: 30.666 loading class java/security/interfaces/DSAPrivateKey done
Event: 30.666 loading class sun/security/provider/DSA$SHA1withDSA
Event: 30.666 loading class sun/security/provider/DSA
Event: 30.667 loading class sun/security/provider/DSA done
Event: 30.667 loading class sun/security/provider/DSA$SHA1withDSA done
Event: 30.668 loading class java/math/SignedMutableBigInteger
Event: 30.671 loading class java/math/SignedMutableBigInteger done


Dynamic libraries:
0x00007ff6ffa70000 - 0x00007ff6ffaa1000 	C:\Program Files\Android\Android Studio\jre\bin\java.exe
0x00007fffab340000 - 0x00007fffab530000 	C:\WINDOWS\SYSTEM32\ntdll.dll
0x00007fffaafd0000 - 0x00007fffab082000 	C:\WINDOWS\System32\KERNEL32.DLL
0x00007fffa8d40000 - 0x00007fffa8fe5000 	C:\WINDOWS\System32\KERNELBASE.dll
0x00007fffa9570000 - 0x00007fffa9613000 	C:\WINDOWS\System32\ADVAPI32.dll
0x00007fffaa3f0000 - 0x00007fffaa48e000 	C:\WINDOWS\System32\msvcrt.dll
0x00007fffa94a0000 - 0x00007fffa9537000 	C:\WINDOWS\System32\sechost.dll
0x00007fffa9960000 - 0x00007fffa9a80000 	C:\WINDOWS\System32\RPCRT4.dll
0x00007fffa9d60000 - 0x00007fffa9ef4000 	C:\WINDOWS\System32\USER32.dll
0x00007fffa9070000 - 0x00007fffa9091000 	C:\WINDOWS\System32\win32u.dll
0x00007fffa9be0000 - 0x00007fffa9c06000 	C:\WINDOWS\System32\GDI32.dll
0x00007fffa90f0000 - 0x00007fffa9286000 	C:\WINDOWS\System32\gdi32full.dll
0x00007fffa8ba0000 - 0x00007fffa8c3e000 	C:\WINDOWS\System32\msvcp_win.dll
0x00007fffa8c40000 - 0x00007fffa8d3a000 	C:\WINDOWS\System32\ucrtbase.dll
0x00007fff982b0000 - 0x00007fff98534000 	C:\WINDOWS\WinSxS\amd64_microsoft.windows.common-controls_6595b64144ccf1df_6.0.18362.1198_none_9e820b57e45ad92f\COMCTL32.dll
0x00007fffa9620000 - 0x00007fffa9955000 	C:\WINDOWS\System32\combase.dll
0x00007fffa8ff0000 - 0x00007fffa9070000 	C:\WINDOWS\System32\bcryptPrimitives.dll
0x00007fffa9540000 - 0x00007fffa956e000 	C:\WINDOWS\System32\IMM32.DLL
0x0000000075850000 - 0x0000000075922000 	C:\Program Files\Android\Android Studio\jre\jre\bin\msvcr100.dll
0x0000000075930000 - 0x000000007617b000 	C:\Program Files\Android\Android Studio\jre\jre\bin\server\jvm.dll
0x00007fffa9c10000 - 0x00007fffa9c18000 	C:\WINDOWS\System32\PSAPI.DLL
0x00007fffa1670000 - 0x00007fffa1679000 	C:\WINDOWS\SYSTEM32\WSOCK32.dll
0x00007fffa5c20000 - 0x00007fffa5c44000 	C:\WINDOWS\SYSTEM32\WINMM.dll
0x00007fffaacc0000 - 0x00007fffaad2f000 	C:\WINDOWS\System32\WS2_32.dll
0x00007fffa0640000 - 0x00007fffa064a000 	C:\WINDOWS\SYSTEM32\VERSION.dll
0x00007fffa5bf0000 - 0x00007fffa5c1d000 	C:\WINDOWS\SYSTEM32\WINMMBASE.dll
0x00007fffa90a0000 - 0x00007fffa90ea000 	C:\WINDOWS\System32\cfgmgr32.dll
0x00007fffa18a0000 - 0x00007fffa18af000 	C:\Program Files\Android\Android Studio\jre\jre\bin\verify.dll
0x00007fff7b820000 - 0x00007fff7b849000 	C:\Program Files\Android\Android Studio\jre\jre\bin\java.dll
0x00007fff7ba90000 - 0x00007fff7baa6000 	C:\Program Files\Android\Android Studio\jre\jre\bin\zip.dll
0x00007fffaa490000 - 0x00007fffaab77000 	C:\WINDOWS\System32\SHELL32.dll
0x00007fffab250000 - 0x00007fffab2f9000 	C:\WINDOWS\System32\shcore.dll
0x00007fffa82c0000 - 0x00007fffa8a41000 	C:\WINDOWS\System32\windows.storage.dll
0x00007fffa8270000 - 0x00007fffa8293000 	C:\WINDOWS\System32\profapi.dll
0x00007fffa8220000 - 0x00007fffa826a000 	C:\WINDOWS\System32\powrprof.dll
0x00007fffa81f0000 - 0x00007fffa8200000 	C:\WINDOWS\System32\UMPDC.dll
0x00007fffab0a0000 - 0x00007fffab0f2000 	C:\WINDOWS\System32\shlwapi.dll
0x00007fffa8200000 - 0x00007fffa8211000 	C:\WINDOWS\System32\kernel.appcore.dll
0x00007fffa92c0000 - 0x00007fffa92d7000 	C:\WINDOWS\System32\cryptsp.dll
0x00007fff7b0b0000 - 0x00007fff7b0ca000 	C:\Program Files\Android\Android Studio\jre\jre\bin\net.dll
0x00007fffa79e0000 - 0x00007fffa7a47000 	C:\WINDOWS\system32\mswsock.dll
0x00007fff7add0000 - 0x00007fff7ade3000 	C:\Program Files\Android\Android Studio\jre\jre\bin\nio.dll
0x00007fff6e2e0000 - 0x00007fff6e307000 	C:\Users\cray\.gradle\native\f6784746aeab05261644944871eae4fe03e0ef1612fff0a4a95f87b438bc6780\windows-amd64\native-platform.dll
0x00007fffa1880000 - 0x00007fffa188d000 	C:\Program Files\Android\Android Studio\jre\jre\bin\management.dll
0x00007fffa7550000 - 0x00007fffa7583000 	C:\WINDOWS\system32\rsaenh.dll
0x00007fffa9290000 - 0x00007fffa92b6000 	C:\WINDOWS\System32\bcrypt.dll
0x00007fffa80d0000 - 0x00007fffa80f5000 	C:\WINDOWS\SYSTEM32\USERENV.dll
0x00007fffa7bb0000 - 0x00007fffa7bbc000 	C:\WINDOWS\SYSTEM32\CRYPTBASE.dll
0x00007fffa76f0000 - 0x00007fffa772a000 	C:\WINDOWS\SYSTEM32\IPHLPAPI.DLL
0x00007fffab1e0000 - 0x00007fffab1e8000 	C:\WINDOWS\System32\NSI.dll
0x00007fff99b50000 - 0x00007fff99b66000 	C:\WINDOWS\SYSTEM32\dhcpcsvc6.DLL
0x00007fff9b330000 - 0x00007fff9b34c000 	C:\WINDOWS\SYSTEM32\dhcpcsvc.DLL
0x00007fffa7730000 - 0x00007fffa77fb000 	C:\WINDOWS\SYSTEM32\DNSAPI.dll
0x00007fff9b830000 - 0x00007fff9b83b000 	C:\WINDOWS\SYSTEM32\WINNSI.DLL

VM Arguments:
jvm_args: -Xmx2048m -Dfile.encoding=UTF-8 -Duser.country=ID -Duser.language=en -Duser.variant 
java_command: org.gradle.launcher.daemon.bootstrap.GradleDaemon 6.5
java_class_path (initial): C:\Users\cray\.gradle\wrapper\dists\gradle-6.5-bin\6nifqtx7604sqp1q6g8wikw7p\gradle-6.5\lib\gradle-launcher-6.5.jar
Launcher Type: SUN_STANDARD

Environment Variables:
JAVA_HOME=C:\Program Files\Java\jdk-12.0.2
PATH=C:\Program Files (x86)\Common Files\Oracle\Java\javapath;C:\Perl64\site\bin;C:\Perl64\bin;C:\Python27\;C:\Python27\Scripts;C:\WINDOWS\system32;C:\WINDOWS;C:\WINDOWS\System32\Wbem;C:\WINDOWS\System32\WindowsPowerShell\v1.0\;C:\WINDOWS\System32\OpenSSH\;C:\Program Files\dotnet\;C:\xampp\php;C:\ProgramData\ComposerSetup\bin;C:\ProgramData\chocolatey\bin;C:\Program Files\nodejs\;C:\Program Files\Git\cmd;C:\Program Files\Microsoft SQL Server\130\Tools\Binn\;C:\Program Files\Microsoft SQL Server\Client SDK\ODBC\170\Tools\Binn\;C:\Program Files (x86)\Microsoft SQL Server\150\Tools\Binn\;C:\Program Files\Microsoft SQL Server\150\Tools\Binn\;C:\Program Files\Microsoft SQL Server\150\DTS\Binn\;C:\Program Files (x86)\Microsoft SQL Server\150\DTS\Binn\;C:\Program Files\Calibre2\;C:\Users\cray\AppData\Local\Microsoft\WindowsApps;C:\Program Files\JetBrains\IntelliJ IDEA Community Edition 2019.2.3\bin;;C:\Users\cray\AppData\Local\Programs\Microsoft VS Code\bin;C:\Users\cray\AppData\Roaming\Composer\vendor\bin;C:\Users\cray\AppData\Roaming\npm;C:\Program Files\Java\jdk1.8.0_241\bin;C:\Users\cray\.dotnet\tools;C:\Users\cray\AppData\Local\Microsoft\WindowsApps;C:\Program Files\heroku\bin
USERNAME=cray
OS=Windows_NT
PROCESSOR_IDENTIFIER=Intel64 Family 6 Model 142 Stepping 11, GenuineIntel



---------------  S Y S T E M  ---------------

OS: Windows 10.0 , 64 bit Build 18362 (10.0.18362.1110)

CPU:total 2 (initial active 2) (2 cores per cpu, 1 threads per core) family 6 model 142 stepping 11, cmov, cx8, fxsr, mmx, sse, sse2, sse3, ssse3, sse4.1, sse4.2, popcnt, aes, clmul, erms, 3dnowpref, lzcnt, tsc, tscinvbit

Memory: 4k page, physical 4071668k(320332k free), swap 16654580k(6076k free)

vm_info: OpenJDK 64-Bit Server VM (25.242-b01) for windows-amd64 JRE (1.8.0_242-release-1644-b01), built by "builder" with MS VC++ 10.0 (VS2010)

time: Fri Dec 11 07:45:22 2020
timezone: SE Asia Standard Time
elapsed time: 30 seconds (0d 0h 0m 30s)

